#
# A fatal error has been detected by the Java Runtime Environment:
#
#  SIGSEGV (0xb) at pc=0x00007f3cbe7f9f58, pid=74121, tid=74141
#
# JRE version: OpenJDK Runtime Environment (17.0.3+7) (build 17.0.3+7)
# Java VM: OpenJDK 64-Bit Server VM (17.0.3+7, mixed mode, tiered, compressed oops, compressed class ptrs, g1 gc, linux-amd64)
# Problematic frame:
# V  [libjvm.so+0x6eef58]
#
# Core dump will be written. Default location: Core dumps may be processed with "/usr/lib/systemd/systemd-coredump %P %u %g %s %t %c %h" (or dumping to /code/spring_hibernate_for_beginners/core.74121)
#
# If you would like to submit a bug report, please visit:
#   https://bugreport.java.com/bugreport/crash.jsp
#

---------------  S U M M A R Y ------------

Command Line: -Dclassworlds.conf=/opt/maven/bin/m2.conf -Dmaven.home=/opt/maven -Dlibrary.jansi.path=/opt/maven/lib/jansi-native -Dmaven.multiModuleProjectDirectory=/code/spring_hibernate_for_beginners org.codehaus.plexus.classworlds.launcher.Launcher spring-boot:run

Host: Intel(R) Core(TM) i7-5500U CPU @ 2.40GHz, 4 cores, 7G, Manjaro Linux
Time: Thu Jun 30 08:23:40 2022 EDT elapsed time: 5.328320 seconds (0d 0h 0m 5s)

---------------  T H R E A D  ---------------

Current thread (0x00007f3cb807df40):  ConcurrentGCThread "G1 Conc#0" [stack: 0x00007f3cbc801000,0x00007f3cbc901000] [id=74141]

Stack: [0x00007f3cbc801000,0x00007f3cbc901000],  sp=0x00007f3cbc8ffb70,  free space=1018k
Native frames: (J=compiled Java code, j=interpreted, Vv=VM code, C=native code)
V  [libjvm.so+0x6eef58]
V  [libjvm.so+0x7135b9]
V  [libjvm.so+0x70fb59]
V  [libjvm.so+0x714d35]
V  [libjvm.so+0xf4f949]
V  [libjvm.so+0xf4f9a4]
V  [libjvm.so+0xe997e5]
V  [libjvm.so+0xc45dde]


siginfo: si_signo: 11 (SIGSEGV), si_code: 2 (SEGV_ACCERR), si_addr: 0x00000001200468e8

Register to memory mapping:

RAX=0x0000000000000001 is an unknown value
RBX=0x000000008564760c is pointing into object: java.lang.Class 
{0x00000000856475a0} - klass: 'java/lang/Class'
 - ---- fields (total size 14 words):
 - private volatile transient 'classRedefinedCount' 'I' @12  0
 - private volatile transient 'cachedConstructor' 'Ljava/lang/reflect/Constructor;' @40  NULL (0)
 - private transient 'name' 'Ljava/lang/String;' @44  "org.apache.maven.repository.legacy.repository.DefaultArtifactRepositoryFactory"{0x00000000856479d8} (856479d8)
 - private transient 'module' 'Ljava/lang/Module;' @48  a 'java/lang/Module'{0x0000000085326040} (85326040)
 - private final 'classLoader' 'Ljava/lang/ClassLoader;' @52  a 'org/codehaus/plexus/classworlds/realm/ClassRealm'{0x000000008530c158} (8530c158)
 - private transient 'classData' 'Ljava/lang/Object;' @56  NULL (0)
 - private transient 'packageName' 'Ljava/lang/String;' @60  "org.apache.maven.repository.legacy.repository"{0x0000000085647a50} (85647a50)
 - private final 'componentType' 'Ljava/lang/Class;' @64  NULL (0)
 - private volatile transient 'reflectionData' 'Ljava/lang/ref/SoftReference;' @68  
[error occurred during error reporting (printing register info), id 0xb, SIGSEGV (0xb) at pc=0x00007f3cbed37a8d]

Registers:
RAX=0x0000000000000001, RBX=0x000000008564760c, RCX=0x0000000000000003, RDX=0x0000000000200400
RSP=0x00007f3cbc8ffb70, RBP=0x00007f3cbc8ffbd0, RSI=0x00007f3cbf3e6320, RDI=0x00000001200468e0
R8 =0x00007f3cb806ceb0, R9 =0x0000000000000000, R10=0x00007f3cbf42cfed, R11=0x0000000000000007
R12=0x0000000085647aa8, R13=0x00007f3cbc8ffc70, R14=0x00000000856475e4, R15=0x00007f3cb807f090
RIP=0x00007f3cbe7f9f58, EFLAGS=0x0000000000010202, CSGSFS=0x002b000000000033, ERR=0x0000000000000004
  TRAPNO=0x000000000000000e

Top of Stack: (sp=0x00007f3cbc8ffb70)
0x00007f3cbc8ffb70:   0000000000000000 00007f3cbe7f77d4
0x00007f3cbc8ffb80:   0000000000000000 0000000100042b68
0x00007f3cbc8ffb90:   00000000856475a0 0000000100042b60
0x00007f3cbc8ffba0:   0000000000000008 00007f3cb807f090 

Instructions: (pc=0x00007f3cbe7f9f58)
0x00007f3cbe7f9e58:   89 c4 48 8d 05 cf c4 be 00 8b 48 08 49 d3 e4 4c
0x00007f3cbe7f9e68:   03 20 0f 84 a0 00 00 00 4d 8b 45 20 4c 89 e2 45
0x00007f3cbe7f9e78:   8b 4d 10 49 8b 40 08 8b 88 c0 01 00 00 48 8b 80
0x00007f3cbe7f9e88:   b0 01 00 00 48 d3 ea 48 8b 04 d0 4c 3b a0 e8 00
0x00007f3cbe7f9e98:   00 00 73 74 49 8b 90 98 00 00 00 48 8d 3d d6 a1
0x00007f3cbe7f9ea8:   ff ff 48 8b 02 48 8b 00 48 39 f8 0f 85 0f 05 00
0x00007f3cbe7f9eb8:   00 4c 89 e1 48 2b 4a 08 bf 01 00 00 00 48 89 c8
0x00007f3cbe7f9ec8:   8b 4a 18 48 c1 e8 03 48 d3 e8 48 89 c1 48 89 c6
0x00007f3cbe7f9ed8:   48 8b 42 20 48 c1 ee 06 83 e1 3f 48 8d 34 f0 48
0x00007f3cbe7f9ee8:   d3 e7 48 8b 0e eb 15 90 48 89 c8 f0 48 0f b1 16
0x00007f3cbe7f9ef8:   48 39 c1 0f 84 f2 02 00 00 48 89 c1 48 89 fa 48
0x00007f3cbe7f9f08:   09 ca 48 39 d1 75 e1 90 49 83 c6 04 4d 39 f7 0f
0x00007f3cbe7f9f18:   87 23 ff ff ff 48 83 c4 38 5b 41 5c 41 5d 41 5e
0x00007f3cbe7f9f28:   41 5f 5d c3 0f 1f 40 00 4c 8d 15 b6 30 c3 00 41
0x00007f3cbe7f9f38:   0f b6 02 84 c0 0f 84 55 02 00 00 48 8d 35 d6 c3
0x00007f3cbe7f9f48:   be 00 41 8b 7c 24 08 8b 4e 08 48 d3 e7 48 03 3e
0x00007f3cbe7f9f58:   8b 4f 08 85 c9 0f 8e ed 01 00 00 f6 c1 01 74 1a
0x00007f3cbe7f9f68:   48 8b 07 48 8d 35 ce bd b9 ff 48 8b 80 00 01 00
0x00007f3cbe7f9f78:   00 48 39 f0 0f 85 6b 04 00 00 c1 f9 03 48 63 f1
0x00007f3cbe7f9f88:   49 8b 80 08 03 00 00 4d 89 e0 4a 8b 3c c8 48 8b
0x00007f3cbe7f9f98:   47 18 8b 88 c0 01 00 00 48 8b 80 b8 01 00 00 48
0x00007f3cbe7f9fa8:   d3 e0 49 29 c0 48 8d 05 e8 43 c3 00 8b 08 49 d3
0x00007f3cbe7f9fb8:   e8 44 89 c0 23 47 60 4c 89 c1 48 c1 e0 04 48 03
0x00007f3cbe7f9fc8:   47 40 44 8b 00 44 39 c1 0f 84 d2 01 00 00 4c 8b
0x00007f3cbe7f9fd8:   48 08 4d 85 c9 74 0d 4c 8b 5f 38 4f 8d 04 c3 f0
0x00007f3cbe7f9fe8:   4d 0f c1 08 48 c7 40 08 00 00 00 00 89 08 48 83
0x00007f3cbe7f9ff8:   47 58 01 48 01 70 08 49 8b 47 20 48 8b 88 f0 02
0x00007f3cbe7fa008:   00 00 49 8b 87 90 00 00 00 48 85 c0 74 12 49 39
0x00007f3cbe7fa018:   c4 72 16 4d 3b a7 98 00 00 00 0f 82 98 fd ff ff
0x00007f3cbe7fa028:   49 39 cc 0f 83 8f fd ff ff 41 80 3a 00 74 61 48
0x00007f3cbe7fa038:   8d 35 e2 c2 be 00 41 8b 44 24 08 8b 4e 08 48 d3
0x00007f3cbe7fa048:   e0 48 03 06 81 78 08 ff ff ff bf 76 51 49 8b 87 


Stack slot to memory mapping:
stack at sp + 0 slots: 0x0 is NULL
stack at sp + 1 slots: 0x00007f3cbe7f77d4: <offset 0x00000000006ec7d4> in /usr/lib/jvm/java-17-openjdk/lib/server/libjvm.so at 0x00007f3cbe10b000
stack at sp + 2 slots: 0x0 is NULL
stack at sp + 3 slots: 0x0000000100042b68 is a pointer to class: 
java.lang.Cloneable {0x0000000100042b68}
 - instance size:     2
 - klass size:        64
 - access:            public interface abstract 
 - state:             linked
 - name:              'java/lang/Cloneable'
 - super:             'java/lang/Object'
 - sub:               
 - nof implementors:  2
 - arrays:            'java/lang/Cloneable'[]
 - methods:           Array<T>(0x00007f3c9d000038)
 - method ordering:   Array<T>(0x00007f3c9d000018)
 - default_methods:   Array<T>(0x0000000000000000)
 - local interfaces:  Array<T>(0x00007f3c9d000058)
 - trans. interfaces: Array<T>(0x00007f3c9d000058)
 - constants:         constant pool [7] {0x00007f3c9d01ef50} for 'java/lang/Cloneable' cache=0x00007f3c9d16ea00
 - class loader data:  loader data: 0x00007f3cb80f5f40 of 'bootstrap'
 - source file:       'Cloneable.java'
 - class annotations:       Array<T>(0x0000000000000000)
 - class type annotations:  Array<T>(0x0000000000000000)
 - field annotations:       Array<T>(0x0000000000000000)
 - field type annotations:  Array<T>(0x0000000000000000)
 - inner classes:     Array<T>(0x00007f3c9d000028)
 - nest members:     Array<T>(0x00007f3c9d000028)
 - permitted subclasses:     Array<T>(0x00007f3c9d000028)
 - java mirror:       a 'java/lang/Class'{0x00000000854da9b8} = 'java/lang/Cloneable'
 - vtable length      5  (start addr: 0x0000000100042d38)
 - itable length      0 (start addr: 0x0000000100042d60)
 - ---- static fields (0 words):
 - ---- non-static fields (0 words):
 - non-static oop maps: 
stack at sp + 4 slots: 0x00000000856475a0 is an oop: java.lang.Class 
{0x00000000856475a0} - klass: 'java/lang/Class'
 - ---- fields (total size 14 words):
 - private volatile transient 'classRedefinedCount' 'I' @12  0
 - private volatile transient 'cachedConstructor' 'Ljava/lang/reflect/Constructor;' @40  NULL (0)
 - private transient 'name' 'Ljava/lang/String;' @44  "org.apache.maven.repository.legacy.repository.DefaultArtifactRepositoryFactory"{0x00000000856479d8} (856479d8)
 - private transient 'module' 'Ljava/lang/Module;' @48  a 'java/lang/Module'{0x0000000085326040} (85326040)
 - private final 'classLoader' 'Ljava/lang/ClassLoader;' @52  a 'org/codehaus/plexus/classworlds/realm/ClassRealm'{0x000000008530c158} (8530c158)
 - private transient 'classData' 'Ljava/lang/Object;' @56  NULL (0)
 - private transient 'packageName' 'Ljava/lang/String;' @60  "org.apache.maven.repository.legacy.repository"{0x0000000085647a50} (85647a50)
 - private final 'componentType' 'Ljava/lang/Class;' @64  NULL (0)
 - private volatile transient 'reflectionData' 'Ljava/lang/ref/SoftReference;' @68  
[error occurred during error reporting (inspecting top of stack), id 0xb, SIGSEGV (0xb) at pc=0x00007f3cbed37a8d]


---------------  P R O C E S S  ---------------

Threads class SMR info:
_java_thread_list=0x00007f3c602327c0, length=12, elements={
0x00007f3cb8012750, 0x00007f3cb8174110, 0x00007f3cb8175720, 0x00007f3cb819a680,
0x00007f3cb819ba30, 0x00007f3cb819ce40, 0x00007f3cb819e7f0, 0x00007f3cb819fcd0,
0x00007f3cb81a1140, 0x00007f3cb8249a60, 0x00007f3cb8255020, 0x00007f3c602317d0
}

Java Threads: ( => current thread )
  0x00007f3cb8012750 JavaThread "main" [_thread_in_Java, id=74138, stack(0x00007f3cbdccd000,0x00007f3cbddcd000)]
  0x00007f3cb8174110 JavaThread "Reference Handler" daemon [_thread_blocked, id=74145, stack(0x00007f3c9cdfe000,0x00007f3c9cefe000)]
  0x00007f3cb8175720 JavaThread "Finalizer" daemon [_thread_blocked, id=74146, stack(0x00007f3c9ccfe000,0x00007f3c9cdfe000)]
  0x00007f3cb819a680 JavaThread "Signal Dispatcher" daemon [_thread_blocked, id=74147, stack(0x00007f3c9c915000,0x00007f3c9ca15000)]
  0x00007f3cb819ba30 JavaThread "Service Thread" daemon [_thread_blocked, id=74148, stack(0x00007f3c9c815000,0x00007f3c9c915000)]
  0x00007f3cb819ce40 JavaThread "Monitor Deflation Thread" daemon [_thread_blocked, id=74149, stack(0x00007f3c9c715000,0x00007f3c9c815000)]
  0x00007f3cb819e7f0 JavaThread "C2 CompilerThread0" daemon [_thread_in_native, id=74150, stack(0x00007f3c9c615000,0x00007f3c9c715000)]
  0x00007f3cb819fcd0 JavaThread "C1 CompilerThread0" daemon [_thread_blocked, id=74151, stack(0x00007f3c9c515000,0x00007f3c9c615000)]
  0x00007f3cb81a1140 JavaThread "Sweeper thread" daemon [_thread_blocked, id=74152, stack(0x00007f3c9c415000,0x00007f3c9c515000)]
  0x00007f3cb8249a60 JavaThread "Notification Thread" daemon [_thread_blocked, id=74153, stack(0x00007f3c9c315000,0x00007f3c9c415000)]
  0x00007f3cb8255020 JavaThread "Common-Cleaner" daemon [_thread_blocked, id=74155, stack(0x00007f3c9c113000,0x00007f3c9c213000)]
  0x00007f3c602317d0 JavaThread "C2 CompilerThread1" daemon [_thread_in_native, id=74156, stack(0x00007f3c8df00000,0x00007f3c8e000000)]

Other Threads:
  0x00007f3cb8164e00 VMThread "VM Thread" [stack: 0x00007f3c9cf00000,0x00007f3c9d000000] [id=74144]
  0x00007f3cb824b3e0 WatcherThread [stack: 0x00007f3c9c215000,0x00007f3c9c315000] [id=74154]
  0x00007f3cb806c440 GCTaskThread "GC Thread#0" [stack: 0x00007f3cbca05000,0x00007f3cbcb05000] [id=74139]
  0x00007f3c84005180 GCTaskThread "GC Thread#1" [stack: 0x00007f3c8d300000,0x00007f3c8d400000] [id=74157]
  0x00007f3c8400b3a0 GCTaskThread "GC Thread#2" [stack: 0x00007f3c8d1fe000,0x00007f3c8d2fe000] [id=74158]
  0x00007f3c8400bdd0 GCTaskThread "GC Thread#3" [stack: 0x00007f3c8d0fc000,0x00007f3c8d1fc000] [id=74159]
  0x00007f3cb807cfe0 ConcurrentGCThread "G1 Main Marker" [stack: 0x00007f3cbc903000,0x00007f3cbca03000] [id=74140]
=>0x00007f3cb807df40 ConcurrentGCThread "G1 Conc#0" [stack: 0x00007f3cbc801000,0x00007f3cbc901000] [id=74141]
  0x00007f3cb80e2630 ConcurrentGCThread "G1 Refine#0" [stack: 0x00007f3cbc2fb000,0x00007f3cbc3fb000] [id=74142]
  0x00007f3cb80e3520 ConcurrentGCThread "G1 Service" [stack: 0x00007f3cbc1f9000,0x00007f3cbc2f9000] [id=74143]

Threads with active compile tasks:
C2 CompilerThread0     5342 5234   !   4       java.util.jar.Attributes::read (494 bytes)
C2 CompilerThread1     5342 5295   !   4       java.nio.file.FileTreeWalker::next (144 bytes)

VM state: not at safepoint (normal execution)

VM Mutex/Monitor currently owned by a thread: None

Heap address: 0x0000000085200000, size: 1966 MB, Compressed Oops mode: 32-bit

CDS archive(s) not mapped
Compressed class space mapped at: 0x0000000100000000-0x0000000140000000, reserved size: 1073741824
Narrow klass base: 0x0000000000000000, Narrow klass shift: 3, Narrow klass range: 0x140000000

GC Precious Log:
 CPUs: 4 total, 4 available
 Memory: 7858M
 Large Page Support: Disabled
 NUMA Support: Disabled
 Compressed Oops: Enabled (32-bit)
 Heap Region Size: 1M
 Heap Min Capacity: 8M
 Heap Initial Capacity: 124M
 Heap Max Capacity: 1966M
 Pre-touch: Disabled
 Parallel Workers: 4
 Concurrent Workers: 1
 Concurrent Refinement Workers: 4
 Periodic GC: Disabled

Heap:
 garbage-first heap   total 66560K, used 40723K [0x0000000085200000, 0x0000000100000000)
  region size 1024K, 9 young (9216K), 3 survivors (3072K)
 Metaspace       used 32770K, committed 33088K, reserved 1081344K
  class space    used 3499K, committed 3648K, reserved 1048576K

Heap Regions: E=young(eden), S=young(survivor), O=old, HS=humongous(starts), HC=humongous(continues), CS=collection set, F=free, OA=open archive, CA=closed archive, TAMS=top-at-mark-start (previous, next)
|   0|0x0000000085200000, 0x0000000085300000, 0x0000000085300000|100%| O|  |TAMS 0x0000000085300000, 0x0000000085300000| Untracked 
|   1|0x0000000085300000, 0x0000000085400000, 0x0000000085400000|100%| O|  |TAMS 0x0000000085400000, 0x0000000085400000| Untracked 
|   2|0x0000000085400000, 0x0000000085500000, 0x0000000085500000|100%| O|  |TAMS 0x0000000085500000, 0x0000000085500000| Untracked 
|   3|0x0000000085500000, 0x0000000085600000, 0x0000000085600000|100%| O|  |TAMS 0x0000000085519600, 0x0000000085600000| Untracked 
|   4|0x0000000085600000, 0x0000000085700000, 0x0000000085700000|100%| O|  |TAMS 0x0000000085600000, 0x0000000085700000| Untracked 
|   5|0x0000000085700000, 0x0000000085800000, 0x0000000085800000|100%| O|  |TAMS 0x0000000085700000, 0x0000000085800000| Untracked 
|   6|0x0000000085800000, 0x0000000085900000, 0x0000000085900000|100%| O|  |TAMS 0x0000000085800000, 0x0000000085900000| Untracked 
|   7|0x0000000085900000, 0x0000000085a00000, 0x0000000085a00000|100%| O|  |TAMS 0x0000000085900000, 0x0000000085a00000| Untracked 
|   8|0x0000000085a00000, 0x0000000085b00000, 0x0000000085b00000|100%| O|  |TAMS 0x0000000085a00000, 0x0000000085b00000| Untracked 
|   9|0x0000000085b00000, 0x0000000085c00000, 0x0000000085c00000|100%| O|  |TAMS 0x0000000085b00000, 0x0000000085c00000| Untracked 
|  10|0x0000000085c00000, 0x0000000085d00000, 0x0000000085d00000|100%| O|  |TAMS 0x0000000085c00000, 0x0000000085d00000| Untracked 
|  11|0x0000000085d00000, 0x0000000085e00000, 0x0000000085e00000|100%| O|  |TAMS 0x0000000085d00000, 0x0000000085e00000| Untracked 
|  12|0x0000000085e00000, 0x0000000085edfc00, 0x0000000085f00000| 87%| O|  |TAMS 0x0000000085e00000, 0x0000000085edfc00| Untracked 
|  13|0x0000000085f00000, 0x0000000086000000, 0x0000000086000000|100%| O|  |TAMS 0x0000000085f00000, 0x0000000086000000| Untracked 
|  14|0x0000000086000000, 0x0000000086100000, 0x0000000086100000|100%| O|  |TAMS 0x0000000086000000, 0x0000000086100000| Untracked 
|  15|0x0000000086100000, 0x0000000086200000, 0x0000000086200000|100%| O|  |TAMS 0x0000000086100000, 0x0000000086200000| Untracked 
|  16|0x0000000086200000, 0x0000000086300000, 0x0000000086300000|100%| O|  |TAMS 0x0000000086200000, 0x0000000086300000| Untracked 
|  17|0x0000000086300000, 0x0000000086400000, 0x0000000086400000|100%| O|  |TAMS 0x0000000086300000, 0x0000000086400000| Untracked 
|  18|0x0000000086400000, 0x0000000086500000, 0x0000000086500000|100%| O|  |TAMS 0x0000000086400000, 0x0000000086500000| Untracked 
|  19|0x0000000086500000, 0x0000000086600000, 0x0000000086600000|100%| O|  |TAMS 0x0000000086500000, 0x0000000086600000| Untracked 
|  20|0x0000000086600000, 0x0000000086700000, 0x0000000086700000|100%| O|  |TAMS 0x0000000086600000, 0x0000000086700000| Untracked 
|  21|0x0000000086700000, 0x0000000086800000, 0x0000000086800000|100%| O|  |TAMS 0x0000000086700000, 0x0000000086800000| Untracked 
|  22|0x0000000086800000, 0x0000000086900000, 0x0000000086900000|100%| O|  |TAMS 0x0000000086800000, 0x0000000086900000| Untracked 
|  23|0x0000000086900000, 0x0000000086a00000, 0x0000000086a00000|100%| O|  |TAMS 0x0000000086900000, 0x0000000086a00000| Untracked 
|  24|0x0000000086a00000, 0x0000000086b00000, 0x0000000086b00000|100%| O|  |TAMS 0x0000000086a00000, 0x0000000086b00000| Untracked 
|  25|0x0000000086b00000, 0x0000000086c00000, 0x0000000086c00000|100%| O|  |TAMS 0x0000000086b00000, 0x0000000086c00000| Untracked 
|  26|0x0000000086c00000, 0x0000000086d00000, 0x0000000086d00000|100%| O|  |TAMS 0x0000000086c00000, 0x0000000086c8d000| Untracked 
|  27|0x0000000086d00000, 0x0000000086e00000, 0x0000000086e00000|100%| O|  |TAMS 0x0000000086d00000, 0x0000000086d00000| Untracked 
|  28|0x0000000086e00000, 0x0000000086f00000, 0x0000000086f00000|100%| O|  |TAMS 0x0000000086e00000, 0x0000000086f00000| Untracked 
|  29|0x0000000086f00000, 0x0000000087000000, 0x0000000087000000|100%| O|  |TAMS 0x0000000086f00000, 0x0000000087000000| Untracked 
|  30|0x0000000087000000, 0x0000000087100000, 0x0000000087100000|100%| O|  |TAMS 0x0000000087000000, 0x0000000087000000| Untracked 
|  31|0x0000000087100000, 0x0000000087200000, 0x0000000087200000|100%| O|  |TAMS 0x0000000087100000, 0x0000000087200000| Untracked 
|  32|0x0000000087200000, 0x00000000872e5200, 0x0000000087300000| 89%| O|  |TAMS 0x0000000087200000, 0x0000000087200000| Untracked 
|  33|0x0000000087300000, 0x0000000087300000, 0x0000000087400000|  0%| F|  |TAMS 0x0000000087300000, 0x0000000087300000| Untracked 
|  34|0x0000000087400000, 0x0000000087400000, 0x0000000087500000|  0%| F|  |TAMS 0x0000000087400000, 0x0000000087400000| Untracked 
|  35|0x0000000087500000, 0x0000000087500000, 0x0000000087600000|  0%| F|  |TAMS 0x0000000087500000, 0x0000000087500000| Untracked 
|  36|0x0000000087600000, 0x0000000087600000, 0x0000000087700000|  0%| F|  |TAMS 0x0000000087600000, 0x0000000087600000| Untracked 
|  37|0x0000000087700000, 0x0000000087700000, 0x0000000087800000|  0%| F|  |TAMS 0x0000000087700000, 0x0000000087700000| Untracked 
|  38|0x0000000087800000, 0x0000000087800000, 0x0000000087900000|  0%| F|  |TAMS 0x0000000087800000, 0x0000000087800000| Untracked 
|  39|0x0000000087900000, 0x0000000087900000, 0x0000000087a00000|  0%| F|  |TAMS 0x0000000087900000, 0x0000000087900000| Untracked 
|  40|0x0000000087a00000, 0x0000000087a00000, 0x0000000087b00000|  0%| F|  |TAMS 0x0000000087a00000, 0x0000000087a00000| Untracked 
|  41|0x0000000087b00000, 0x0000000087b00000, 0x0000000087c00000|  0%| F|  |TAMS 0x0000000087b00000, 0x0000000087b00000| Untracked 
|  42|0x0000000087c00000, 0x0000000087c00000, 0x0000000087d00000|  0%| F|  |TAMS 0x0000000087c00000, 0x0000000087c00000| Untracked 
|  43|0x0000000087d00000, 0x0000000087d00000, 0x0000000087e00000|  0%| F|  |TAMS 0x0000000087d00000, 0x0000000087d00000| Untracked 
|  44|0x0000000087e00000, 0x0000000087f00000, 0x0000000087f00000|100%| S|CS|TAMS 0x0000000087e00000, 0x0000000087e00000| Complete 
|  45|0x0000000087f00000, 0x0000000088000000, 0x0000000088000000|100%| S|CS|TAMS 0x0000000087f00000, 0x0000000087f00000| Complete 
|  46|0x0000000088000000, 0x0000000088000000, 0x0000000088100000|  0%| F|  |TAMS 0x0000000088000000, 0x0000000088000000| Untracked 
|  47|0x0000000088100000, 0x0000000088100000, 0x0000000088200000|  0%| F|  |TAMS 0x0000000088100000, 0x0000000088100000| Untracked 
|  48|0x0000000088200000, 0x0000000088200000, 0x0000000088300000|  0%| F|  |TAMS 0x0000000088200000, 0x0000000088200000| Untracked 
|  49|0x0000000088300000, 0x0000000088400000, 0x0000000088400000|100%| S|CS|TAMS 0x0000000088300000, 0x0000000088300000| Complete 
|  50|0x0000000088400000, 0x0000000088400000, 0x0000000088500000|  0%| F|  |TAMS 0x0000000088400000, 0x0000000088400000| Untracked 
|  51|0x0000000088500000, 0x0000000088500000, 0x0000000088600000|  0%| F|  |TAMS 0x0000000088500000, 0x0000000088500000| Untracked 
|  52|0x0000000088600000, 0x0000000088600000, 0x0000000088700000|  0%| F|  |TAMS 0x0000000088600000, 0x0000000088600000| Untracked 
|  53|0x0000000088700000, 0x0000000088700000, 0x0000000088800000|  0%| F|  |TAMS 0x0000000088700000, 0x0000000088700000| Untracked 
|  54|0x0000000088800000, 0x0000000088800000, 0x0000000088900000|  0%| F|  |TAMS 0x0000000088800000, 0x0000000088800000| Untracked 
|  55|0x0000000088900000, 0x0000000088900000, 0x0000000088a00000|  0%| F|  |TAMS 0x0000000088900000, 0x0000000088900000| Untracked 
|  56|0x0000000088a00000, 0x0000000088a00000, 0x0000000088b00000|  0%| F|  |TAMS 0x0000000088a00000, 0x0000000088a00000| Untracked 
|  57|0x0000000088b00000, 0x0000000088b00000, 0x0000000088c00000|  0%| F|  |TAMS 0x0000000088b00000, 0x0000000088b00000| Untracked 
|  58|0x0000000088c00000, 0x0000000088c00000, 0x0000000088d00000|  0%| F|  |TAMS 0x0000000088c00000, 0x0000000088c00000| Untracked 
|  59|0x0000000088d00000, 0x0000000088df4f28, 0x0000000088e00000| 95%| E|  |TAMS 0x0000000088d00000, 0x0000000088d00000| Complete 
|  60|0x0000000088e00000, 0x0000000088f00000, 0x0000000088f00000|100%| E|CS|TAMS 0x0000000088e00000, 0x0000000088e00000| Complete 
|  61|0x0000000088f00000, 0x0000000089000000, 0x0000000089000000|100%| E|CS|TAMS 0x0000000088f00000, 0x0000000088f00000| Complete 
| 106|0x000000008bc00000, 0x000000008bd00000, 0x000000008bd00000|100%| E|CS|TAMS 0x000000008bc00000, 0x000000008bc00000| Complete 
| 107|0x000000008bd00000, 0x000000008be00000, 0x000000008be00000|100%| E|  |TAMS 0x000000008bd00000, 0x000000008bd00000| Complete 
| 123|0x000000008cd00000, 0x000000008ce00000, 0x000000008ce00000|100%| E|CS|TAMS 0x000000008cd00000, 0x000000008cd00000| Complete 

Card table byte_map: [0x00007f3cbcf1e000,0x00007f3cbd2f5000] _byte_map_base: 0x00007f3cbcaf5000

Marking Bits (Prev, Next): (CMBitMap*) 0x00007f3cb806cf00, (CMBitMap*) 0x00007f3cb806cec0
 Prev Bits: [0x00007f3c9d859000, 0x00007f3c9f711000)
 Next Bits: [0x00007f3c9f711000, 0x00007f3ca15c9000)

Polling page: 0x00007f3cbf6b3000

Metaspace:

Usage:
  Non-class:     28.58 MB used.
      Class:      3.42 MB used.
       Both:     32.00 MB used.

Virtual space:
  Non-class space:       32.00 MB reserved,      28.75 MB ( 90%) committed,  4 nodes.
      Class space:        1.00 GB reserved,       3.56 MB ( <1%) committed,  1 nodes.
             Both:        1.03 GB reserved,      32.31 MB (  3%) committed. 

Chunk freelists:
   Non-Class:  2.41 MB
       Class:  447.00 KB
        Both:  2.84 MB

MaxMetaspaceSize: unlimited
CompressedClassSpaceSize: 1.00 GB
Initial GC threshold: 21.00 MB
Current GC threshold: 35.12 MB
CDS: off
MetaspaceReclaimPolicy: balanced
 - commit_granule_bytes: 65536.
 - commit_granule_words: 8192.
 - virtual_space_node_default_size: 1048576.
 - enlarge_chunks_in_place: 1.
 - new_chunks_are_fully_committed: 0.
 - uncommit_free_chunks: 1.
 - use_allocation_guard: 0.
 - handle_deallocations: 1.


Internal statistics:

num_allocs_failed_limit: 3.
num_arena_births: 152.
num_arena_deaths: 0.
num_vsnodes_births: 5.
num_vsnodes_deaths: 0.
num_space_committed: 517.
num_space_uncommitted: 0.
num_chunks_returned_to_freelist: 3.
num_chunks_taken_from_freelist: 1038.
num_chunk_merges: 0.
num_chunk_splits: 728.
num_chunks_enlarged: 571.
num_purges: 0.
num_inconsistent_stats: 0.

CodeHeap 'non-profiled nmethods': size=120032Kb used=2387Kb max_used=2387Kb free=117644Kb
 bounds [0x00007f3ca9091000, 0x00007f3ca9301000, 0x00007f3cb05c9000]
CodeHeap 'profiled nmethods': size=120028Kb used=10000Kb max_used=10000Kb free=110028Kb
 bounds [0x00007f3ca1b5a000, 0x00007f3ca252a000, 0x00007f3ca9091000]
CodeHeap 'non-nmethods': size=5700Kb used=1221Kb max_used=1238Kb free=4478Kb
 bounds [0x00007f3ca15c9000, 0x00007f3ca1839000, 0x00007f3ca1b5a000]
 total_blobs=5750 nmethods=5251 adapters=410
 compilation: enabled
              stopped_count=0, restarted_count=0
 full_count=0

Compilation events (20 events):
Event: 5.247 Thread 0x00007f3cb819fcd0 5280       3       java.util.jar.Manifest::read (415 bytes)
Event: 5.250 Thread 0x00007f3cb819fcd0 nmethod 5280 0x00007f3ca2511690 code [0x00007f3ca2511ba0, 0x00007f3ca2514250]
Event: 5.251 Thread 0x00007f3cb819fcd0 5282       2       java.util.Collections$SynchronizedCollection::<init> (21 bytes)
Event: 5.251 Thread 0x00007f3cb819fcd0 nmethod 5282 0x00007f3ca2515290 code [0x00007f3ca2515440, 0x00007f3ca2515700]
Event: 5.253 Thread 0x00007f3cb819fcd0 5283       2       java.util.Collections::synchronizedSet (9 bytes)
Event: 5.254 Thread 0x00007f3cb819fcd0 nmethod 5283 0x00007f3ca2515810 code [0x00007f3ca25159c0, 0x00007f3ca2515cc0]
Event: 5.254 Thread 0x00007f3cb819fcd0 5284       2       java.util.Collections$SynchronizedSet::<init> (6 bytes)
Event: 5.254 Thread 0x00007f3cb819fcd0 nmethod 5284 0x00007f3ca2515e10 code [0x00007f3ca2515fc0, 0x00007f3ca2516280]
Event: 5.255 Thread 0x00007f3cb819fcd0 5285       2       jdk.nio.zipfs.ZipFileSystem::initCEN (474 bytes)
Event: 5.257 Thread 0x00007f3cb819fcd0 nmethod 5285 0x00007f3ca2516390 code [0x00007f3ca2516720, 0x00007f3ca25179c0]
Event: 5.257 Thread 0x00007f3cb819fcd0 5286   !   2       jdk.nio.zipfs.ZipFileSystem::buildNodeTree (123 bytes)
Event: 5.258 Thread 0x00007f3cb819fcd0 nmethod 5286 0x00007f3ca2518490 code [0x00007f3ca2518720, 0x00007f3ca2518fe0]
Event: 5.265 Thread 0x00007f3cb819fcd0 5288 % !   3       jdk.nio.zipfs.ZipFileSystem::buildNodeTree @ 80 (123 bytes)
Event: 5.267 Thread 0x00007f3cb819fcd0 nmethod 5288% 0x00007f3ca2519790 code [0x00007f3ca2519b00, 0x00007f3ca251b2c0]
Event: 5.279 Thread 0x00007f3cb819fcd0 5289       2       java.util.jar.Manifest::<init> (38 bytes)
Event: 5.280 Thread 0x00007f3cb819fcd0 nmethod 5289 0x00007f3ca251be10 code [0x00007f3ca251c000, 0x00007f3ca251c450]
Event: 5.299 Thread 0x00007f3cb819fcd0 5291  s    2       com.sun.tools.javac.file.FSInfo::getJarFSProvider (64 bytes)
Event: 5.299 Thread 0x00007f3cb819fcd0 nmethod 5291 0x00007f3ca251c610 code [0x00007f3ca251c820, 0x00007f3ca251cc90]
Event: 5.299 Thread 0x00007f3cb819fcd0 5292       2       java.nio.file.Files::getFileAttributeView (11 bytes)
Event: 5.300 Thread 0x00007f3cb819fcd0 nmethod 5292 0x00007f3ca251ce90 code [0x00007f3ca251d040, 0x00007f3ca251d1c0]

GC Heap History (20 events):
Event: 0.874 GC heap before
{Heap before GC invocations=1 (full 0):
 garbage-first heap   total 126976K, used 16432K [0x0000000085200000, 0x0000000100000000)
  region size 1024K, 15 young (15360K), 2 survivors (2048K)
 Metaspace       used 13214K, committed 13376K, reserved 1064960K
  class space    used 1326K, committed 1408K, reserved 1048576K
}
Event: 0.879 GC heap after
{Heap after GC invocations=2 (full 0):
 garbage-first heap   total 126976K, used 3849K [0x0000000085200000, 0x0000000100000000)
  region size 1024K, 1 young (1024K), 1 survivors (1024K)
 Metaspace       used 13214K, committed 13376K, reserved 1064960K
  class space    used 1326K, committed 1408K, reserved 1048576K
}
Event: 2.094 GC heap before
{Heap before GC invocations=2 (full 0):
 garbage-first heap   total 126976K, used 33545K [0x0000000085200000, 0x0000000100000000)
  region size 1024K, 30 young (30720K), 1 survivors (1024K)
 Metaspace       used 19423K, committed 19520K, reserved 1073152K
  class space    used 2104K, committed 2176K, reserved 1048576K
}
Event: 2.103 GC heap after
{Heap after GC invocations=3 (full 0):
 garbage-first heap   total 126976K, used 6730K [0x0000000085200000, 0x0000000100000000)
  region size 1024K, 4 young (4096K), 4 survivors (4096K)
 Metaspace       used 19423K, committed 19520K, reserved 1073152K
  class space    used 2104K, committed 2176K, reserved 1048576K
}
Event: 3.086 GC heap before
{Heap before GC invocations=3 (full 0):
 garbage-first heap   total 126976K, used 78410K [0x0000000085200000, 0x0000000100000000)
  region size 1024K, 74 young (75776K), 4 survivors (4096K)
 Metaspace       used 20979K, committed 21184K, reserved 1073152K
  class space    used 2191K, committed 2304K, reserved 1048576K
}
Event: 3.103 GC heap after
{Heap after GC invocations=4 (full 0):
 garbage-first heap   total 126976K, used 13413K [0x0000000085200000, 0x0000000100000000)
  region size 1024K, 10 young (10240K), 10 survivors (10240K)
 Metaspace       used 20979K, committed 21184K, reserved 1073152K
  class space    used 2191K, committed 2304K, reserved 1048576K
}
Event: 3.235 GC heap before
{Heap before GC invocations=4 (full 0):
 garbage-first heap   total 126976K, used 28773K [0x0000000085200000, 0x0000000100000000)
  region size 1024K, 26 young (26624K), 10 survivors (10240K)
 Metaspace       used 21347K, committed 21504K, reserved 1073152K
  class space    used 2209K, committed 2304K, reserved 1048576K
}
Event: 3.249 GC heap after
{Heap after GC invocations=5 (full 0):
 garbage-first heap   total 126976K, used 14719K [0x0000000085200000, 0x0000000100000000)
  region size 1024K, 2 young (2048K), 2 survivors (2048K)
 Metaspace       used 21347K, committed 21504K, reserved 1073152K
  class space    used 2209K, committed 2304K, reserved 1048576K
}
Event: 3.636 GC heap before
{Heap before GC invocations=6 (full 0):
 garbage-first heap   total 55296K, used 47487K [0x0000000085200000, 0x0000000100000000)
  region size 1024K, 35 young (35840K), 2 survivors (2048K)
 Metaspace       used 22368K, committed 22592K, reserved 1073152K
  class space    used 2333K, committed 2432K, reserved 1048576K
}
Event: 3.643 GC heap after
{Heap after GC invocations=7 (full 0):
 garbage-first heap   total 55296K, used 17279K [0x0000000085200000, 0x0000000100000000)
  region size 1024K, 4 young (4096K), 4 survivors (4096K)
 Metaspace       used 22368K, committed 22592K, reserved 1073152K
  class space    used 2333K, committed 2432K, reserved 1048576K
}
Event: 4.129 GC heap before
{Heap before GC invocations=7 (full 0):
 garbage-first heap   total 55296K, used 40831K [0x0000000085200000, 0x0000000100000000)
  region size 1024K, 28 young (28672K), 4 survivors (4096K)
 Metaspace       used 25174K, committed 25472K, reserved 1073152K
  class space    used 2625K, committed 2752K, reserved 1048576K
}
Event: 4.135 GC heap after
{Heap after GC invocations=8 (full 0):
 garbage-first heap   total 55296K, used 18970K [0x0000000085200000, 0x0000000100000000)
  region size 1024K, 2 young (2048K), 2 survivors (2048K)
 Metaspace       used 25174K, committed 25472K, reserved 1073152K
  class space    used 2625K, committed 2752K, reserved 1048576K
}
Event: 4.707 GC heap before
{Heap before GC invocations=8 (full 0):
 garbage-first heap   total 55296K, used 42522K [0x0000000085200000, 0x0000000100000000)
  region size 1024K, 25 young (25600K), 2 survivors (2048K)
 Metaspace       used 31678K, committed 31936K, reserved 1081344K
  class space    used 3390K, committed 3520K, reserved 1048576K
}
Event: 4.716 GC heap after
{Heap after GC invocations=9 (full 0):
 garbage-first heap   total 66560K, used 27057K [0x0000000085200000, 0x0000000100000000)
  region size 1024K, 4 young (4096K), 4 survivors (4096K)
 Metaspace       used 31678K, committed 31936K, reserved 1081344K
  class space    used 3390K, committed 3520K, reserved 1048576K
}
Event: 4.973 GC heap before
{Heap before GC invocations=9 (full 0):
 garbage-first heap   total 66560K, used 46513K [0x0000000085200000, 0x0000000100000000)
  region size 1024K, 24 young (24576K), 4 survivors (4096K)
 Metaspace       used 32643K, committed 32960K, reserved 1081344K
  class space    used 3498K, committed 3648K, reserved 1048576K
}
Event: 4.985 GC heap after
{Heap after GC invocations=10 (full 0):
 garbage-first heap   total 66560K, used 31177K [0x0000000085200000, 0x0000000100000000)
  region size 1024K, 3 young (3072K), 3 survivors (3072K)
 Metaspace       used 32643K, committed 32960K, reserved 1081344K
  class space    used 3498K, committed 3648K, reserved 1048576K
}
Event: 5.147 GC heap before
{Heap before GC invocations=10 (full 0):
 garbage-first heap   total 66560K, used 47561K [0x0000000085200000, 0x0000000100000000)
  region size 1024K, 19 young (19456K), 3 survivors (3072K)
 Metaspace       used 32715K, committed 33024K, reserved 1081344K
  class space    used 3499K, committed 3648K, reserved 1048576K
}
Event: 5.154 GC heap after
{Heap after GC invocations=11 (full 0):
 garbage-first heap   total 66560K, used 32719K [0x0000000085200000, 0x0000000100000000)
  region size 1024K, 3 young (3072K), 3 survivors (3072K)
 Metaspace       used 32715K, committed 33024K, reserved 1081344K
  class space    used 3499K, committed 3648K, reserved 1048576K
}
Event: 5.283 GC heap before
{Heap before GC invocations=11 (full 0):
 garbage-first heap   total 66560K, used 47055K [0x0000000085200000, 0x0000000100000000)
  region size 1024K, 18 young (18432K), 3 survivors (3072K)
 Metaspace       used 32766K, committed 33088K, reserved 1081344K
  class space    used 3499K, committed 3648K, reserved 1048576K
}
Event: 5.291 GC heap after
{Heap after GC invocations=12 (full 0):
 garbage-first heap   total 66560K, used 36627K [0x0000000085200000, 0x0000000100000000)
  region size 1024K, 3 young (3072K), 3 survivors (3072K)
 Metaspace       used 32766K, committed 33088K, reserved 1081344K
  class space    used 3499K, committed 3648K, reserved 1048576K
}

Deoptimization events (20 events):
Event: 4.917 Thread 0x00007f3cb8012750 Uncommon trap: trap_request=0xffffffde fr.pc=0x00007f3ca90bdfd0 relative=0x0000000000001130
Event: 4.917 Thread 0x00007f3cb8012750 Uncommon trap: reason=class_check action=maybe_recompile pc=0x00007f3ca90bdfd0 method=jdk.internal.loader.URLClassPath.getLoader(I)Ljdk/internal/loader/URLClassPath$Loader; @ 88 c2
Event: 4.917 Thread 0x00007f3cb8012750 DEOPT PACKING pc=0x00007f3ca90bdfd0 sp=0x00007f3cbddc95e0
Event: 4.917 Thread 0x00007f3cb8012750 DEOPT UNPACKING pc=0x00007f3ca161b099 sp=0x00007f3cbddc95e0 mode 2
Event: 4.926 Thread 0x00007f3cb8012750 Uncommon trap: trap_request=0xffffffde fr.pc=0x00007f3ca90bdfd0 relative=0x0000000000001130
Event: 4.926 Thread 0x00007f3cb8012750 Uncommon trap: reason=class_check action=maybe_recompile pc=0x00007f3ca90bdfd0 method=jdk.internal.loader.URLClassPath.getLoader(I)Ljdk/internal/loader/URLClassPath$Loader; @ 88 c2
Event: 4.926 Thread 0x00007f3cb8012750 DEOPT PACKING pc=0x00007f3ca90bdfd0 sp=0x00007f3cbddc95e0
Event: 4.926 Thread 0x00007f3cb8012750 DEOPT UNPACKING pc=0x00007f3ca161b099 sp=0x00007f3cbddc95e0 mode 2
Event: 5.061 Thread 0x00007f3cb8012750 DEOPT PACKING pc=0x00007f3ca23b9116 sp=0x00007f3cbddc8de0
Event: 5.061 Thread 0x00007f3cb8012750 DEOPT UNPACKING pc=0x00007f3ca161b82f sp=0x00007f3cbddc8288 mode 0
Event: 5.145 Thread 0x00007f3cb8012750 DEOPT PACKING pc=0x00007f3ca1e60041 sp=0x00007f3cbddc9b10
Event: 5.145 Thread 0x00007f3cb8012750 DEOPT UNPACKING pc=0x00007f3ca161b82f sp=0x00007f3cbddc9020 mode 0
Event: 5.156 Thread 0x00007f3cb8012750 DEOPT PACKING pc=0x00007f3ca1e5fd6a sp=0x00007f3cbddc9b10
Event: 5.156 Thread 0x00007f3cb8012750 DEOPT UNPACKING pc=0x00007f3ca161b82f sp=0x00007f3cbddc9010 mode 0
Event: 5.166 Thread 0x00007f3cb8012750 DEOPT PACKING pc=0x00007f3ca2236174 sp=0x00007f3cbddc9c70
Event: 5.167 Thread 0x00007f3cb8012750 DEOPT UNPACKING pc=0x00007f3ca161b82f sp=0x00007f3cbddc9128 mode 0
Event: 5.203 Thread 0x00007f3cb8012750 DEOPT PACKING pc=0x00007f3ca22df40f sp=0x00007f3cbddc8de0
Event: 5.203 Thread 0x00007f3cb8012750 DEOPT UNPACKING pc=0x00007f3ca161b82f sp=0x00007f3cbddc83b8 mode 0
Event: 5.265 Thread 0x00007f3cb8012750 DEOPT PACKING pc=0x00007f3ca22df40f sp=0x00007f3cbddc89a0
Event: 5.265 Thread 0x00007f3cb8012750 DEOPT UNPACKING pc=0x00007f3ca161b82f sp=0x00007f3cbddc7f50 mode 0

Classes unloaded (0 events):
No events

Classes redefined (0 events):
No events

Internal exceptions (20 events):
Event: 4.091 Thread 0x00007f3cb8012750 Exception <a 'java/lang/NoSuchMethodError'{0x0000000087264f20}: 'void java.lang.invoke.DirectMethodHandle$Holder.invokeSpecial(java.lang.Object, java.lang.Object, java.lang.Object)'> (0x0000000087264f20) 
thrown [src/hotspot/share/interpreter/linkResolver.cpp, line 765]
Event: 4.107 Thread 0x00007f3cb8012750 Exception <a 'java/lang/NoSuchMethodError'{0x0000000087292e50}: 'java.lang.Object java.lang.invoke.DirectMethodHandle$Holder.invokeVirtual(java.lang.Object, java.lang.Object, java.lang.Object)'> (0x0000000087292e50) 
thrown [src/hotspot/share/interpreter/linkResolver.cpp, line 765]
Event: 4.109 Thread 0x00007f3cb8012750 Exception <a 'java/lang/NoSuchMethodError'{0x0000000087299d40}: 'int java.lang.invoke.DirectMethodHandle$Holder.invokeInterface(java.lang.Object, java.lang.Object)'> (0x0000000087299d40) 
thrown [src/hotspot/share/interpreter/linkResolver.cpp, line 765]
Event: 4.146 Thread 0x00007f3cb8012750 Exception <a 'java/lang/NoSuchMethodError'{0x000000008cd5faf8}: 'void java.lang.invoke.DirectMethodHandle$Holder.invokeStatic(java.lang.Object, java.lang.Object)'> (0x000000008cd5faf8) 
thrown [src/hotspot/share/interpreter/linkResolver.cpp, line 765]
Event: 4.149 Thread 0x00007f3cb8012750 Exception <a 'java/lang/NoSuchMethodError'{0x000000008cd738a0}: 'int java.lang.invoke.DirectMethodHandle$Holder.invokeVirtual(java.lang.Object, java.lang.Object, java.lang.Object)'> (0x000000008cd738a0) 
thrown [src/hotspot/share/interpreter/linkResolver.cpp, line 765]
Event: 4.150 Thread 0x00007f3cb8012750 Exception <a 'java/lang/NoSuchMethodError'{0x000000008cd84fd8}: 'void java.lang.invoke.DirectMethodHandle$Holder.invokeInterface(java.lang.Object, java.lang.Object, java.lang.Object)'> (0x000000008cd84fd8) 
thrown [src/hotspot/share/interpreter/linkResolver.cpp, line 765]
Event: 4.223 Thread 0x00007f3cb8012750 Exception <a 'java/lang/NoSuchMethodError'{0x000000008bd8faf8}: 'int java.lang.invoke.DirectMethodHandle$Holder.invokeStaticInit(java.lang.Object, java.lang.Object)'> (0x000000008bd8faf8) 
thrown [src/hotspot/share/interpreter/linkResolver.cpp, line 765]
Event: 4.278 Thread 0x00007f3cb8012750 Exception <a 'java/lang/NoSuchMethodError'{0x000000008bc294c0}: 'int java.lang.invoke.DirectMethodHandle$Holder.invokeVirtual(java.lang.Object, java.lang.Object)'> (0x000000008bc294c0) 
thrown [src/hotspot/share/interpreter/linkResolver.cpp, line 765]
Event: 4.284 Thread 0x00007f3cb8012750 Exception <a 'java/lang/NoSuchMethodError'{0x000000008bc59938}: 'java.lang.Object java.lang.invoke.DirectMethodHandle$Holder.newInvokeSpecial(java.lang.Object, java.lang.Object, java.lang.Object, java.lang.Object, java.lang.Object, java.lang.Object)'> (0x000000008bc59938) 
thrown [src/hotspot/share/interpreter/linkResolver.cpp, line 765]
Event: 4.388 Thread 0x00007f3cb8012750 Exception <a 'java/lang/NoSuchMethodError'{0x00000000882b9c70}: 'int java.lang.invoke.DirectMethodHandle$Holder.invokeSpecial(java.lang.Object, java.lang.Object, java.lang.Object, java.lang.Object)'> (0x00000000882b9c70) 
thrown [src/hotspot/share/interpreter/linkResolver.cpp, line 765]
Event: 4.392 Thread 0x00007f3cb8012750 Exception <a 'java/lang/NoSuchMethodError'{0x00000000882cb108}: 'java.lang.Object java.lang.invoke.DirectMethodHandle$Holder.invokeVirtual(java.lang.Object, java.lang.Object, java.lang.Object, int, int)'> (0x00000000882cb108) 
thrown [src/hotspot/share/interpreter/linkResolver.cpp, line 765]
Event: 4.393 Thread 0x00007f3cb8012750 Exception <a 'java/lang/NoSuchMethodError'{0x00000000882d1ff8}: 'java.lang.Object java.lang.invoke.DirectMethodHandle$Holder.invokeVirtual(java.lang.Object, java.lang.Object, int)'> (0x00000000882d1ff8) 
thrown [src/hotspot/share/interpreter/linkResolver.cpp, line 765]
Event: 4.397 Thread 0x00007f3cb8012750 Exception <a 'java/lang/NoSuchMethodError'{0x00000000882e8f08}: 'java.lang.Object java.lang.invoke.DirectMethodHandle$Holder.invokeSpecial(java.lang.Object, java.lang.Object, java.lang.Object, int, int)'> (0x00000000882e8f08) 
thrown [src/hotspot/share/interpreter/linkResolver.cpp, line 765]
Event: 4.475 Thread 0x00007f3cb8012750 Exception <a 'java/lang/NoSuchMethodError'{0x00000000880b8e70}: 'java.lang.Object java.lang.invoke.DirectMethodHandle$Holder.invokeStatic(java.lang.Object, int, java.lang.Object)'> (0x00000000880b8e70) 
thrown [src/hotspot/share/interpreter/linkResolver.cpp, line 765]
Event: 4.477 Thread 0x00007f3cb8012750 Implicit null exception at 0x00007f3ca927b8ac to 0x00007f3ca927b9de
Event: 4.554 Thread 0x00007f3cb8012750 Exception <a 'java/lang/NoSuchMethodError'{0x0000000087ce6380}: 'void java.lang.invoke.DirectMethodHandle$Holder.invokeSpecial(java.lang.Object, java.lang.Object, java.lang.Object, java.lang.Object, java.lang.Object)'> (0x0000000087ce6380) 
thrown [src/hotspot/share/interpreter/linkResolver.cpp, line 765]
Event: 4.735 Thread 0x00007f3cb8012750 Exception <a 'java/lang/NoSuchMethodError'{0x000000008cdf4eb8}: 'java.lang.Object java.lang.invoke.DirectMethodHandle$Holder.invokeStatic(java.lang.Object, java.lang.Object, int, int)'> (0x000000008cdf4eb8) 
thrown [src/hotspot/share/interpreter/linkResolver.cpp, line 765]
Event: 4.738 Thread 0x00007f3cb8012750 Exception <a 'java/lang/NoSuchMethodError'{0x000000008bd01270}: 'int java.lang.invoke.DirectMethodHandle$Holder.invokeSpecial(java.lang.Object, java.lang.Object, java.lang.Object)'> (0x000000008bd01270) 
thrown [src/hotspot/share/interpreter/linkResolver.cpp, line 765]
Event: 4.756 Thread 0x00007f3cb8012750 Exception <a 'java/lang/NoSuchMethodError'{0x000000008bd8ac10}: 'java.lang.Object java.lang.invoke.DirectMethodHandle$Holder.invokeInterface(java.lang.Object, java.lang.Object)'> (0x000000008bd8ac10) 
thrown [src/hotspot/share/interpreter/linkResolver.cpp, line 765]
Event: 4.829 Thread 0x00007f3cb8012750 Exception <a 'java/lang/NoSuchMethodError'{0x0000000088e8f798}: 'void java.lang.invoke.DirectMethodHandle$Holder.invokeStatic(java.lang.Object, java.lang.Object, java.lang.Object)'> (0x0000000088e8f798) 
thrown [src/hotspot/share/interpreter/linkResolver.cpp, line 765]

VM Operations (20 events):
Event: 4.364 Executing VM operation: HandshakeAllThreads
Event: 4.364 Executing VM operation: HandshakeAllThreads done
Event: 4.435 Executing VM operation: HandshakeAllThreads
Event: 4.435 Executing VM operation: HandshakeAllThreads done
Event: 4.436 Executing VM operation: HandshakeAllThreads
Event: 4.436 Executing VM operation: HandshakeAllThreads done
Event: 4.436 Executing VM operation: HandshakeAllThreads
Event: 4.436 Executing VM operation: HandshakeAllThreads done
Event: 4.678 Executing VM operation: HandshakeAllThreads
Event: 4.678 Executing VM operation: HandshakeAllThreads done
Event: 4.707 Executing VM operation: G1CollectForAllocation
Event: 4.716 Executing VM operation: G1CollectForAllocation done
Event: 4.743 Executing VM operation: HandshakeAllThreads
Event: 4.743 Executing VM operation: HandshakeAllThreads done
Event: 4.973 Executing VM operation: G1CollectForAllocation
Event: 4.985 Executing VM operation: G1CollectForAllocation done
Event: 5.147 Executing VM operation: G1CollectForAllocation
Event: 5.154 Executing VM operation: G1CollectForAllocation done
Event: 5.283 Executing VM operation: G1CollectForAllocation
Event: 5.291 Executing VM operation: G1CollectForAllocation done

Events (20 events):
Event: 4.681 loading class java/util/stream/Nodes$SpinedNodeBuilder
Event: 4.681 loading class java/util/stream/Node$Builder
Event: 4.681 loading class java/util/stream/Node$Builder done
Event: 4.682 loading class java/util/stream/Nodes$SpinedNodeBuilder done
Event: 4.733 loading class java/nio/file/FileTreeWalker$1
Event: 4.733 loading class java/nio/file/FileTreeWalker$1 done
Event: 4.743 loading class jdk/internal/jimage/ImageReader$LinkNode
Event: 4.743 loading class jdk/internal/jimage/ImageReader$LinkNode done
Event: 4.827 loading class sun/nio/fs/UnixUriUtils
Event: 4.827 loading class sun/nio/fs/UnixUriUtils done
Event: 4.827 loading class java/util/EnumMap$Values
Event: 4.828 loading class java/util/EnumMap$Values done
Event: 4.828 loading class java/util/EnumMap$ValueIterator
Event: 4.828 loading class java/util/EnumMap$EnumMapIterator
Event: 4.828 loading class java/util/EnumMap$EnumMapIterator done
Event: 4.828 loading class java/util/EnumMap$ValueIterator done
Event: 4.828 loading class java/util/WeakHashMap$KeyIterator
Event: 4.828 loading class java/util/WeakHashMap$HashIterator
Event: 4.828 loading class java/util/WeakHashMap$HashIterator done
Event: 4.828 loading class java/util/WeakHashMap$KeyIterator done


Dynamic libraries:
85200000-89000000 rw-p 00000000 00:00 0 
89000000-8bc00000 ---p 00000000 00:00 0 
8bc00000-8be00000 rw-p 00000000 00:00 0 
8be00000-8cd00000 ---p 00000000 00:00 0 
8cd00000-8ce00000 rw-p 00000000 00:00 0 
8ce00000-100000000 ---p 00000000 00:00 0 
100000000-100020000 rw-p 00000000 00:00 0 
100020000-100040000 rw-p 00000000 00:00 0 
100040000-1000c0000 rw-p 00000000 00:00 0 
1000c0000-100140000 rw-p 00000000 00:00 0 
100140000-100180000 rw-p 00000000 00:00 0 
100180000-100360000 rw-p 00000000 00:00 0 
100360000-100370000 rw-p 00000000 00:00 0 
100370000-100380000 ---p 00000000 00:00 0 
100380000-1003a0000 rw-p 00000000 00:00 0 
1003a0000-140000000 ---p 00000000 00:00 0 
55bd73c21000-55bd73c22000 r--p 00000000 08:02 541798                     /usr/lib/jvm/java-17-openjdk/bin/java
55bd73c22000-55bd73c23000 r-xp 00001000 08:02 541798                     /usr/lib/jvm/java-17-openjdk/bin/java
55bd73c23000-55bd73c24000 r--p 00002000 08:02 541798                     /usr/lib/jvm/java-17-openjdk/bin/java
55bd73c24000-55bd73c25000 r--p 00002000 08:02 541798                     /usr/lib/jvm/java-17-openjdk/bin/java
55bd73c25000-55bd73c26000 rw-p 00003000 08:02 541798                     /usr/lib/jvm/java-17-openjdk/bin/java
55bd757ec000-55bd7580d000 rw-p 00000000 00:00 0                          [heap]
7f3c40000000-7f3c40021000 rw-p 00000000 00:00 0 
7f3c40021000-7f3c44000000 ---p 00000000 00:00 0 
7f3c48000000-7f3c48021000 rw-p 00000000 00:00 0 
7f3c48021000-7f3c4c000000 ---p 00000000 00:00 0 
7f3c4c000000-7f3c4c021000 rw-p 00000000 00:00 0 
7f3c4c021000-7f3c50000000 ---p 00000000 00:00 0 
7f3c50000000-7f3c50021000 rw-p 00000000 00:00 0 
7f3c50021000-7f3c54000000 ---p 00000000 00:00 0 
7f3c54000000-7f3c54aa5000 rw-p 00000000 00:00 0 
7f3c54aa5000-7f3c58000000 ---p 00000000 00:00 0 
7f3c58000000-7f3c58021000 rw-p 00000000 00:00 0 
7f3c58021000-7f3c5c000000 ---p 00000000 00:00 0 
7f3c5c000000-7f3c5c021000 rw-p 00000000 00:00 0 
7f3c5c021000-7f3c60000000 ---p 00000000 00:00 0 
7f3c60000000-7f3c6073c000 rw-p 00000000 00:00 0 
7f3c6073c000-7f3c64000000 ---p 00000000 00:00 0 
7f3c64000000-7f3c64021000 rw-p 00000000 00:00 0 
7f3c64021000-7f3c68000000 ---p 00000000 00:00 0 
7f3c68000000-7f3c68021000 rw-p 00000000 00:00 0 
7f3c68021000-7f3c6c000000 ---p 00000000 00:00 0 
7f3c6c000000-7f3c6ce3c000 rw-p 00000000 00:00 0 
7f3c6ce3c000-7f3c70000000 ---p 00000000 00:00 0 
7f3c70000000-7f3c70021000 rw-p 00000000 00:00 0 
7f3c70021000-7f3c74000000 ---p 00000000 00:00 0 
7f3c74000000-7f3c74021000 rw-p 00000000 00:00 0 
7f3c74021000-7f3c78000000 ---p 00000000 00:00 0 
7f3c78000000-7f3c78021000 rw-p 00000000 00:00 0 
7f3c78021000-7f3c7c000000 ---p 00000000 00:00 0 
7f3c7c000000-7f3c7c021000 rw-p 00000000 00:00 0 
7f3c7c021000-7f3c80000000 ---p 00000000 00:00 0 
7f3c80000000-7f3c80021000 rw-p 00000000 00:00 0 
7f3c80021000-7f3c84000000 ---p 00000000 00:00 0 
7f3c84000000-7f3c84021000 rw-p 00000000 00:00 0 
7f3c84021000-7f3c88000000 ---p 00000000 00:00 0 
7f3c88000000-7f3c88021000 rw-p 00000000 00:00 0 
7f3c88021000-7f3c8c000000 ---p 00000000 00:00 0 
7f3c8c000000-7f3c8c380000 rw-p 00000000 00:00 0 
7f3c8c380000-7f3c8c4a0000 rw-p 00000000 00:00 0 
7f3c8c4a0000-7f3c8c500000 ---p 00000000 00:00 0 
7f3c8c500000-7f3c8c520000 rw-p 00000000 00:00 0 
7f3c8c520000-7f3c8c800000 ---p 00000000 00:00 0 
7f3c8c800000-7f3c8c980000 rw-p 00000000 00:00 0 
7f3c8c980000-7f3c8ca00000 rw-p 00000000 00:00 0 
7f3c8ca00000-7f3c8cd00000 rw-p 00000000 00:00 0 
7f3c8cd00000-7f3c8d000000 rw-p 00000000 00:00 0 
7f3c8d0fa000-7f3c8d0fb000 ---p 00000000 00:00 0 
7f3c8d0fb000-7f3c8d1fc000 rw-p 00000000 00:00 0 
7f3c8d1fc000-7f3c8d1fd000 ---p 00000000 00:00 0 
7f3c8d1fd000-7f3c8d2fe000 rw-p 00000000 00:00 0 
7f3c8d2fe000-7f3c8d2ff000 ---p 00000000 00:00 0 
7f3c8d2ff000-7f3c8d500000 rw-p 00000000 00:00 0 
7f3c8d500000-7f3c8d700000 rw-p 00000000 00:00 0 
7f3c8d700000-7f3c8d800000 rw-p 00000000 00:00 0 
7f3c8d800000-7f3c8dc00000 rw-p 00000000 00:00 0 
7f3c8dc00000-7f3c8dc03000 r-xp 00000000 00:24 3488                       /tmp/jansi-2.4.0-26ef6eb32ed00785-libjansi.so
7f3c8dc03000-7f3c8de02000 ---p 00003000 00:24 3488                       /tmp/jansi-2.4.0-26ef6eb32ed00785-libjansi.so
7f3c8de02000-7f3c8de03000 rw-p 00002000 00:24 3488                       /tmp/jansi-2.4.0-26ef6eb32ed00785-libjansi.so
7f3c8df00000-7f3c8df04000 ---p 00000000 00:00 0 
7f3c8df04000-7f3c90000000 rw-p 00000000 00:00 0 
7f3c90000000-7f3c90021000 rw-p 00000000 00:00 0 
7f3c90021000-7f3c94000000 ---p 00000000 00:00 0 
7f3c94000000-7f3c94033000 rw-p 00000000 00:00 0 
7f3c94033000-7f3c98000000 ---p 00000000 00:00 0 
7f3c98000000-7f3c98021000 rw-p 00000000 00:00 0 
7f3c98021000-7f3c9c000000 ---p 00000000 00:00 0 
7f3c9c06a000-7f3c9c071000 r--p 00000000 08:02 14435465                   /usr/lib/libnss_systemd.so.2
7f3c9c071000-7f3c9c0a6000 r-xp 00007000 08:02 14435465                   /usr/lib/libnss_systemd.so.2
7f3c9c0a6000-7f3c9c0b8000 r--p 0003c000 08:02 14435465                   /usr/lib/libnss_systemd.so.2
7f3c9c0b8000-7f3c9c0bc000 r--p 0004d000 08:02 14435465                   /usr/lib/libnss_systemd.so.2
7f3c9c0bc000-7f3c9c0bd000 rw-p 00051000 08:02 14435465                   /usr/lib/libnss_systemd.so.2
7f3c9c0e2000-7f3c9c113000 rw-p 00000000 00:00 0 
7f3c9c113000-7f3c9c117000 ---p 00000000 00:00 0 
7f3c9c117000-7f3c9c213000 rw-p 00000000 00:00 0 
7f3c9c213000-7f3c9c214000 ---p 00000000 00:00 0 
7f3c9c214000-7f3c9c315000 rw-p 00000000 00:00 0 
7f3c9c315000-7f3c9c319000 ---p 00000000 00:00 0 
7f3c9c319000-7f3c9c415000 rw-p 00000000 00:00 0 
7f3c9c415000-7f3c9c419000 ---p 00000000 00:00 0 
7f3c9c419000-7f3c9c515000 rw-p 00000000 00:00 0 
7f3c9c515000-7f3c9c519000 ---p 00000000 00:00 0 
7f3c9c519000-7f3c9c615000 rw-p 00000000 00:00 0 
7f3c9c615000-7f3c9c619000 ---p 00000000 00:00 0 
7f3c9c619000-7f3c9c715000 rw-p 00000000 00:00 0 
7f3c9c715000-7f3c9c719000 ---p 00000000 00:00 0 
7f3c9c719000-7f3c9c815000 rw-p 00000000 00:00 0 
7f3c9c815000-7f3c9c819000 ---p 00000000 00:00 0 
7f3c9c819000-7f3c9c915000 rw-p 00000000 00:00 0 
7f3c9c915000-7f3c9c919000 ---p 00000000 00:00 0 
7f3c9c919000-7f3c9ca15000 rw-p 00000000 00:00 0 
7f3c9ca15000-7f3c9ccfe000 r--p 00000000 08:02 14436077                   /usr/lib/locale/locale-archive
7f3c9ccfe000-7f3c9cd02000 ---p 00000000 00:00 0 
7f3c9cd02000-7f3c9cdfe000 rw-p 00000000 00:00 0 
7f3c9cdfe000-7f3c9ce02000 ---p 00000000 00:00 0 
7f3c9ce02000-7f3c9cefe000 rw-p 00000000 00:00 0 
7f3c9cefe000-7f3c9ceff000 ---p 00000000 00:00 0 
7f3c9ceff000-7f3c9d480000 rw-p 00000000 00:00 0 
7f3c9d480000-7f3c9d500000 rw-p 00000000 00:00 0 
7f3c9d500000-7f3c9d6c0000 rw-p 00000000 00:00 0 
7f3c9d6c0000-7f3c9d700000 rw-p 00000000 00:00 0 
7f3c9d700000-7f3c9d800000 rw-p 00000000 00:00 0 
7f3c9d811000-7f3c9d815000 r--p 00000000 08:02 541879                     /usr/lib/jvm/java-17-openjdk/lib/libverify.so
7f3c9d815000-7f3c9d81c000 r-xp 00004000 08:02 541879                     /usr/lib/jvm/java-17-openjdk/lib/libverify.so
7f3c9d81c000-7f3c9d81e000 r--p 0000b000 08:02 541879                     /usr/lib/jvm/java-17-openjdk/lib/libverify.so
7f3c9d81e000-7f3c9d820000 r--p 0000c000 08:02 541879                     /usr/lib/jvm/java-17-openjdk/lib/libverify.so
7f3c9d820000-7f3c9d821000 rw-p 0000e000 08:02 541879                     /usr/lib/jvm/java-17-openjdk/lib/libverify.so
7f3c9d821000-7f3c9d823000 r--p 00000000 08:02 541881                     /usr/lib/jvm/java-17-openjdk/lib/libzip.so
7f3c9d823000-7f3c9d827000 r-xp 00002000 08:02 541881                     /usr/lib/jvm/java-17-openjdk/lib/libzip.so
7f3c9d827000-7f3c9d829000 r--p 00006000 08:02 541881                     /usr/lib/jvm/java-17-openjdk/lib/libzip.so
7f3c9d829000-7f3c9d82a000 r--p 00007000 08:02 541881                     /usr/lib/jvm/java-17-openjdk/lib/libzip.so
7f3c9d82a000-7f3c9d82b000 rw-p 00008000 08:02 541881                     /usr/lib/jvm/java-17-openjdk/lib/libzip.so
7f3c9d82b000-7f3c9d82f000 r--p 00000000 08:02 541865                     /usr/lib/jvm/java-17-openjdk/lib/libnet.so
7f3c9d82f000-7f3c9d83d000 r-xp 00004000 08:02 541865                     /usr/lib/jvm/java-17-openjdk/lib/libnet.so
7f3c9d83d000-7f3c9d841000 r--p 00012000 08:02 541865                     /usr/lib/jvm/java-17-openjdk/lib/libnet.so
7f3c9d841000-7f3c9d842000 r--p 00015000 08:02 541865                     /usr/lib/jvm/java-17-openjdk/lib/libnet.so
7f3c9d842000-7f3c9d843000 rw-p 00016000 08:02 541865                     /usr/lib/jvm/java-17-openjdk/lib/libnet.so
7f3c9d843000-7f3c9d84a000 r--p 00000000 08:02 541867                     /usr/lib/jvm/java-17-openjdk/lib/libnio.so
7f3c9d84a000-7f3c9d852000 r-xp 00007000 08:02 541867                     /usr/lib/jvm/java-17-openjdk/lib/libnio.so
7f3c9d852000-7f3c9d856000 r--p 0000f000 08:02 541867                     /usr/lib/jvm/java-17-openjdk/lib/libnio.so
7f3c9d856000-7f3c9d857000 ---p 00013000 08:02 541867                     /usr/lib/jvm/java-17-openjdk/lib/libnio.so
7f3c9d857000-7f3c9d858000 r--p 00013000 08:02 541867                     /usr/lib/jvm/java-17-openjdk/lib/libnio.so
7f3c9d858000-7f3c9d859000 rw-p 00014000 08:02 541867                     /usr/lib/jvm/java-17-openjdk/lib/libnio.so
7f3c9d859000-7f3c9d951000 rw-p 00000000 00:00 0 
7f3c9d951000-7f3c9da01000 ---p 00000000 00:00 0 
7f3c9da01000-7f3c9da09000 rw-p 00000000 00:00 0 
7f3c9da09000-7f3c9da45000 ---p 00000000 00:00 0 
7f3c9da45000-7f3c9da49000 rw-p 00000000 00:00 0 
7f3c9da49000-7f3c9f711000 ---p 00000000 00:00 0 
7f3c9f711000-7f3c9f809000 rw-p 00000000 00:00 0 
7f3c9f809000-7f3c9f8b9000 ---p 00000000 00:00 0 
7f3c9f8b9000-7f3c9f8c1000 rw-p 00000000 00:00 0 
7f3c9f8c1000-7f3c9f8fd000 ---p 00000000 00:00 0 
7f3c9f8fd000-7f3c9f901000 rw-p 00000000 00:00 0 
7f3c9f901000-7f3ca15c9000 ---p 00000000 00:00 0 
7f3ca15c9000-7f3ca1839000 rwxp 00000000 00:00 0 
7f3ca1839000-7f3ca1b5a000 ---p 00000000 00:00 0 
7f3ca1b5a000-7f3ca252a000 rwxp 00000000 00:00 0 
7f3ca252a000-7f3ca9091000 ---p 00000000 00:00 0 
7f3ca9091000-7f3ca9301000 rwxp 00000000 00:00 0 
7f3ca9301000-7f3cb05c9000 ---p 00000000 00:00 0 
7f3cb05c9000-7f3cb8000000 r--s 00000000 08:02 541882                     /usr/lib/jvm/java-17-openjdk/lib/modules
7f3cb8000000-7f3cb9471000 rw-p 00000000 00:00 0 
7f3cb9471000-7f3cbc000000 ---p 00000000 00:00 0 
7f3cbc009000-7f3cbc00e000 r--p 00000000 08:02 541853                     /usr/lib/jvm/java-17-openjdk/lib/libjsvml.so
7f3cbc00e000-7f3cbc04f000 r-xp 00005000 08:02 541853                     /usr/lib/jvm/java-17-openjdk/lib/libjsvml.so
7f3cbc04f000-7f3cbc0d8000 r--p 00046000 08:02 541853                     /usr/lib/jvm/java-17-openjdk/lib/libjsvml.so
7f3cbc0d8000-7f3cbc0d9000 r--p 000ce000 08:02 541853                     /usr/lib/jvm/java-17-openjdk/lib/libjsvml.so
7f3cbc0d9000-7f3cbc0da000 rw-p 000cf000 08:02 541853                     /usr/lib/jvm/java-17-openjdk/lib/libjsvml.so
7f3cbc0da000-7f3cbc1f7000 rw-p 00000000 00:00 0 
7f3cbc1f7000-7f3cbc1f8000 ---p 00000000 00:00 0 
7f3cbc1f8000-7f3cbc2f9000 rw-p 00000000 00:00 0 
7f3cbc2f9000-7f3cbc2fa000 ---p 00000000 00:00 0 
7f3cbc2fa000-7f3cbc7ff000 rw-p 00000000 00:00 0 
7f3cbc7ff000-7f3cbc800000 ---p 00000000 00:00 0 
7f3cbc800000-7f3cbc901000 rw-p 00000000 00:00 0 
7f3cbc901000-7f3cbc902000 ---p 00000000 00:00 0 
7f3cbc902000-7f3cbca03000 rw-p 00000000 00:00 0 
7f3cbca03000-7f3cbca04000 ---p 00000000 00:00 0 
7f3cbca04000-7f3cbcb66000 rw-p 00000000 00:00 0 
7f3cbcb66000-7f3cbcb7c000 ---p 00000000 00:00 0 
7f3cbcb7c000-7f3cbcb7d000 rw-p 00000000 00:00 0 
7f3cbcb7d000-7f3cbcb84000 ---p 00000000 00:00 0 
7f3cbcb84000-7f3cbcb85000 rw-p 00000000 00:00 0 
7f3cbcb85000-7f3cbcf1e000 ---p 00000000 00:00 0 
7f3cbcf1e000-7f3cbcf3d000 rw-p 00000000 00:00 0 
7f3cbcf3d000-7f3cbcf53000 ---p 00000000 00:00 0 
7f3cbcf53000-7f3cbcf54000 rw-p 00000000 00:00 0 
7f3cbcf54000-7f3cbcf5b000 ---p 00000000 00:00 0 
7f3cbcf5b000-7f3cbcf5c000 rw-p 00000000 00:00 0 
7f3cbcf5c000-7f3cbd2f5000 ---p 00000000 00:00 0 
7f3cbd2f5000-7f3cbd314000 rw-p 00000000 00:00 0 
7f3cbd314000-7f3cbd32a000 ---p 00000000 00:00 0 
7f3cbd32a000-7f3cbd32b000 rw-p 00000000 00:00 0 
7f3cbd32b000-7f3cbd332000 ---p 00000000 00:00 0 
7f3cbd332000-7f3cbd333000 rw-p 00000000 00:00 0 
7f3cbd333000-7f3cbd6cc000 ---p 00000000 00:00 0 
7f3cbd6cc000-7f3cbdad5000 rw-p 00000000 00:00 0 
7f3cbdad5000-7f3cbdbbb000 ---p 00000000 00:00 0 
7f3cbdbbb000-7f3cbdbcf000 rw-p 00000000 00:00 0 
7f3cbdbcf000-7f3cbdca6000 ---p 00000000 00:00 0 
7f3cbdca6000-7f3cbdcb2000 r--p 00000000 08:02 541842                     /usr/lib/jvm/java-17-openjdk/lib/libjava.so
7f3cbdcb2000-7f3cbdcc4000 r-xp 0000c000 08:02 541842                     /usr/lib/jvm/java-17-openjdk/lib/libjava.so
7f3cbdcc4000-7f3cbdcca000 r--p 0001e000 08:02 541842                     /usr/lib/jvm/java-17-openjdk/lib/libjava.so
7f3cbdcca000-7f3cbdccb000 r--p 00023000 08:02 541842                     /usr/lib/jvm/java-17-openjdk/lib/libjava.so
7f3cbdccb000-7f3cbdccc000 rw-p 00024000 08:02 541842                     /usr/lib/jvm/java-17-openjdk/lib/libjava.so
7f3cbdccc000-7f3cbdccd000 rw-p 00000000 00:00 0 
7f3cbdccd000-7f3cbdcd1000 ---p 00000000 00:00 0 
7f3cbdcd1000-7f3cbddcd000 rw-p 00000000 00:00 0 
7f3cbddcd000-7f3cbddd0000 r--p 00000000 08:02 14422549                   /usr/lib/libgcc_s.so.1
7f3cbddd0000-7f3cbdde7000 r-xp 00003000 08:02 14422549                   /usr/lib/libgcc_s.so.1
7f3cbdde7000-7f3cbddeb000 r--p 0001a000 08:02 14422549                   /usr/lib/libgcc_s.so.1
7f3cbddeb000-7f3cbddec000 r--p 0001d000 08:02 14422549                   /usr/lib/libgcc_s.so.1
7f3cbddec000-7f3cbdded000 rw-p 0001e000 08:02 14422549                   /usr/lib/libgcc_s.so.1
7f3cbdded000-7f3cbddfb000 r--p 00000000 08:02 14427845                   /usr/lib/libm.so.6
7f3cbddfb000-7f3cbde74000 r-xp 0000e000 08:02 14427845                   /usr/lib/libm.so.6
7f3cbde74000-7f3cbded2000 r--p 00087000 08:02 14427845                   /usr/lib/libm.so.6
7f3cbded2000-7f3cbded3000 r--p 000e4000 08:02 14427845                   /usr/lib/libm.so.6
7f3cbded3000-7f3cbded4000 rw-p 000e5000 08:02 14427845                   /usr/lib/libm.so.6
7f3cbded4000-7f3cbdf6d000 r--p 00000000 08:02 14424275                   /usr/lib/libstdc++.so.6.0.30
7f3cbdf6d000-7f3cbe083000 r-xp 00099000 08:02 14424275                   /usr/lib/libstdc++.so.6.0.30
7f3cbe083000-7f3cbe0fa000 r--p 001af000 08:02 14424275                   /usr/lib/libstdc++.so.6.0.30
7f3cbe0fa000-7f3cbe107000 r--p 00225000 08:02 14424275                   /usr/lib/libstdc++.so.6.0.30
7f3cbe107000-7f3cbe108000 rw-p 00232000 08:02 14424275                   /usr/lib/libstdc++.so.6.0.30
7f3cbe108000-7f3cbe10b000 rw-p 00000000 00:00 0 
7f3cbe10b000-7f3cbe35b000 r--p 00000000 08:02 541895                     /usr/lib/jvm/java-17-openjdk/lib/server/libjvm.so
7f3cbe35b000-7f3cbf0a9000 r-xp 00250000 08:02 541895                     /usr/lib/jvm/java-17-openjdk/lib/server/libjvm.so
7f3cbf0a9000-7f3cbf329000 r--p 00f9e000 08:02 541895                     /usr/lib/jvm/java-17-openjdk/lib/server/libjvm.so
7f3cbf329000-7f3cbf32a000 ---p 0121e000 08:02 541895                     /usr/lib/jvm/java-17-openjdk/lib/server/libjvm.so
7f3cbf32a000-7f3cbf3e2000 r--p 0121e000 08:02 541895                     /usr/lib/jvm/java-17-openjdk/lib/server/libjvm.so
7f3cbf3e2000-7f3cbf416000 rw-p 012d6000 08:02 541895                     /usr/lib/jvm/java-17-openjdk/lib/server/libjvm.so
7f3cbf416000-7f3cbf473000 rw-p 00000000 00:00 0 
7f3cbf473000-7f3cbf476000 r--p 00000000 08:02 14428365                   /usr/lib/libz.so.1.2.12
7f3cbf476000-7f3cbf484000 r-xp 00003000 08:02 14428365                   /usr/lib/libz.so.1.2.12
7f3cbf484000-7f3cbf48b000 r--p 00011000 08:02 14428365                   /usr/lib/libz.so.1.2.12
7f3cbf48b000-7f3cbf48c000 r--p 00017000 08:02 14428365                   /usr/lib/libz.so.1.2.12
7f3cbf48c000-7f3cbf48d000 rw-p 00018000 08:02 14428365                   /usr/lib/libz.so.1.2.12
7f3cbf48d000-7f3cbf4b5000 r--p 00000000 08:02 14427832                   /usr/lib/libc.so.6
7f3cbf4b5000-7f3cbf62d000 r-xp 00028000 08:02 14427832                   /usr/lib/libc.so.6
7f3cbf62d000-7f3cbf685000 r--p 001a0000 08:02 14427832                   /usr/lib/libc.so.6
7f3cbf685000-7f3cbf686000 ---p 001f8000 08:02 14427832                   /usr/lib/libc.so.6
7f3cbf686000-7f3cbf68a000 r--p 001f8000 08:02 14427832                   /usr/lib/libc.so.6
7f3cbf68a000-7f3cbf68c000 rw-p 001fc000 08:02 14427832                   /usr/lib/libc.so.6
7f3cbf68c000-7f3cbf699000 rw-p 00000000 00:00 0 
7f3cbf69f000-7f3cbf6a4000 rw-p 00000000 00:00 0 
7f3cbf6a4000-7f3cbf6ab000 ---p 00000000 00:00 0 
7f3cbf6ab000-7f3cbf6b3000 rw-s 00000000 00:24 3486                       /tmp/hsperfdata_zeta/74121
7f3cbf6b3000-7f3cbf6b4000 ---p 00000000 00:00 0 
7f3cbf6b4000-7f3cbf6b5000 r--p 00000000 00:00 0 
7f3cbf6b5000-7f3cbf6b7000 r--p 00000000 08:02 541847                     /usr/lib/jvm/java-17-openjdk/lib/libjimage.so
7f3cbf6b7000-7f3cbf6ba000 r-xp 00002000 08:02 541847                     /usr/lib/jvm/java-17-openjdk/lib/libjimage.so
7f3cbf6ba000-7f3cbf6bb000 r--p 00005000 08:02 541847                     /usr/lib/jvm/java-17-openjdk/lib/libjimage.so
7f3cbf6bb000-7f3cbf6bc000 ---p 00006000 08:02 541847                     /usr/lib/jvm/java-17-openjdk/lib/libjimage.so
7f3cbf6bc000-7f3cbf6bd000 r--p 00006000 08:02 541847                     /usr/lib/jvm/java-17-openjdk/lib/libjimage.so
7f3cbf6bd000-7f3cbf6be000 rw-p 00007000 08:02 541847                     /usr/lib/jvm/java-17-openjdk/lib/libjimage.so
7f3cbf6be000-7f3cbf6c0000 r--p 00000000 08:02 541849                     /usr/lib/jvm/java-17-openjdk/lib/libjli.so
7f3cbf6c0000-7f3cbf6ca000 r-xp 00002000 08:02 541849                     /usr/lib/jvm/java-17-openjdk/lib/libjli.so
7f3cbf6ca000-7f3cbf6cd000 r--p 0000c000 08:02 541849                     /usr/lib/jvm/java-17-openjdk/lib/libjli.so
7f3cbf6cd000-7f3cbf6ce000 ---p 0000f000 08:02 541849                     /usr/lib/jvm/java-17-openjdk/lib/libjli.so
7f3cbf6ce000-7f3cbf6cf000 r--p 0000f000 08:02 541849                     /usr/lib/jvm/java-17-openjdk/lib/libjli.so
7f3cbf6cf000-7f3cbf6d0000 rw-p 00010000 08:02 541849                     /usr/lib/jvm/java-17-openjdk/lib/libjli.so
7f3cbf6d0000-7f3cbf6d2000 rw-p 00000000 00:00 0 
7f3cbf6d2000-7f3cbf6d4000 r--p 00000000 08:02 14427822                   /usr/lib/ld-linux-x86-64.so.2
7f3cbf6d4000-7f3cbf6fb000 r-xp 00002000 08:02 14427822                   /usr/lib/ld-linux-x86-64.so.2
7f3cbf6fb000-7f3cbf706000 r--p 00029000 08:02 14427822                   /usr/lib/ld-linux-x86-64.so.2
7f3cbf706000-7f3cbf707000 ---p 00000000 00:00 0 
7f3cbf707000-7f3cbf709000 r--p 00034000 08:02 14427822                   /usr/lib/ld-linux-x86-64.so.2
7f3cbf709000-7f3cbf70b000 rw-p 00036000 08:02 14427822                   /usr/lib/ld-linux-x86-64.so.2
7ffe2e231000-7ffe2e252000 rw-p 00000000 00:00 0                          [stack]
7ffe2e29c000-7ffe2e2a0000 r--p 00000000 00:00 0                          [vvar]
7ffe2e2a0000-7ffe2e2a2000 r-xp 00000000 00:00 0                          [vdso]
ffffffffff600000-ffffffffff601000 --xp 00000000 00:00 0                  [vsyscall]


VM Arguments:
jvm_args: -Dclassworlds.conf=/opt/maven/bin/m2.conf -Dmaven.home=/opt/maven -Dlibrary.jansi.path=/opt/maven/lib/jansi-native -Dmaven.multiModuleProjectDirectory=/code/spring_hibernate_for_beginners 
java_command: org.codehaus.plexus.classworlds.launcher.Launcher spring-boot:run
java_class_path (initial): /opt/maven/boot/plexus-classworlds-2.6.0.jar
Launcher Type: SUN_STANDARD

[Global flags]
     intx CICompilerCount                          = 3                                         {product} {ergonomic}
     uint ConcGCThreads                            = 1                                         {product} {ergonomic}
     uint G1ConcRefinementThreads                  = 4                                         {product} {ergonomic}
   size_t G1HeapRegionSize                         = 1048576                                   {product} {ergonomic}
    uintx GCDrainStackTargetSize                   = 64                                        {product} {ergonomic}
   size_t InitialHeapSize                          = 130023424                                 {product} {ergonomic}
   size_t MarkStackSize                            = 4194304                                   {product} {ergonomic}
   size_t MaxHeapSize                              = 2061500416                                {product} {ergonomic}
   size_t MaxNewSize                               = 1236271104                                {product} {ergonomic}
   size_t MinHeapDeltaBytes                        = 1048576                                   {product} {ergonomic}
   size_t MinHeapSize                              = 8388608                                   {product} {ergonomic}
    uintx NonNMethodCodeHeapSize                   = 5832780                                {pd product} {ergonomic}
    uintx NonProfiledCodeHeapSize                  = 122912730                              {pd product} {ergonomic}
    uintx ProfiledCodeHeapSize                     = 122912730                              {pd product} {ergonomic}
    uintx ReservedCodeCacheSize                    = 251658240                              {pd product} {ergonomic}
     bool SegmentedCodeCache                       = true                                      {product} {ergonomic}
   size_t SoftMaxHeapSize                          = 2061500416                             {manageable} {ergonomic}
     bool UseCompressedClassPointers               = true                           {product lp64_product} {ergonomic}
     bool UseCompressedOops                        = true                           {product lp64_product} {ergonomic}
     bool UseG1GC                                  = true                                      {product} {ergonomic}

Logging:
Log output configuration:
 #0: stdout all=warning uptime,level,tags
 #1: stderr all=off uptime,level,tags

Environment Variables:
JAVA_HOME=/usr/lib/jvm/default/
PATH=/home/zeta/.local/bin:/usr/local/bin:/usr/bin:/bin:/usr/local/sbin:/usr/lib/jvm/default/bin:/usr/bin/site_perl:/usr/bin/vendor_perl:/usr/bin/core_perl:/var/lib/snapd/snap/bin
SHELL=/bin/bash
DISPLAY=:0
LANG=en_US.UTF-8

Signal Handlers:
   SIGSEGV: 0x00007f3cbf025eb0 in libjvm.so+15838896, mask=11100100010111111101111111111110, flags=SA_RESTART|SA_SIGINFO
    SIGBUS: 0x00007f3cbf025eb0 in libjvm.so+15838896, mask=11100100010111111101111111111110, flags=SA_RESTART|SA_SIGINFO
    SIGFPE: 0x00007f3cbf025eb0 in libjvm.so+15838896, mask=11100100010111111101111111111110, flags=SA_RESTART|SA_SIGINFO
   SIGPIPE: 0x00007f3cbeec4d00 in libjvm.so+14392576, mask=11100100010111111101111111111110, flags=SA_RESTART|SA_SIGINFO
   SIGXFSZ: 0x00007f3cbeec4d00 in libjvm.so+14392576, mask=11100100010111111101111111111110, flags=SA_RESTART|SA_SIGINFO
    SIGILL: 0x00007f3cbf025eb0 in libjvm.so+15838896, mask=11100100010111111101111111111110, flags=SA_RESTART|SA_SIGINFO
   SIGUSR2: 0x00007f3cbeec4330 in libjvm.so+14390064, mask=00000000000000000000000000000000, flags=SA_RESTART|SA_SIGINFO
    SIGHUP: 0x00007f3cbeec4250 in libjvm.so+14389840, mask=11100100010111111101111111111110, flags=SA_RESTART|SA_SIGINFO
    SIGINT: 0x00007f3cbeec4250 in libjvm.so+14389840, mask=11100100010111111101111111111110, flags=SA_RESTART|SA_SIGINFO
   SIGTERM: 0x00007f3cbeec4250 in libjvm.so+14389840, mask=11100100010111111101111111111110, flags=SA_RESTART|SA_SIGINFO
   SIGQUIT: 0x00007f3cbeec4250 in libjvm.so+14389840, mask=11100100010111111101111111111110, flags=SA_RESTART|SA_SIGINFO
  *** Handler was modified!
  *** Expected: 0x00007f3cbeec4d00 in libjvm.so+14392576, mask=11100100110111111111111111111110, flags=SA_RESTART|SA_SIGINFO
   SIGTRAP: 0x00007f3cbf025eb0 in libjvm.so+15838896, mask=11100100010111111101111111111110, flags=SA_RESTART|SA_SIGINFO


---------------  S Y S T E M  ---------------

OS:
DISTRIB_ID=ManjaroLinux
DISTRIB_RELEASE=21.3.1
DISTRIB_CODENAME=Ruah
DISTRIB_DESCRIPTION="Manjaro Linux"
uname: Linux 5.15.49-1-MANJARO #1 SMP PREEMPT Wed Jun 22 14:15:49 UTC 2022 x86_64
OS uptime: 0 days 10:33 hours
libc: glibc 2.35 NPTL 2.35 
rlimit (soft/hard): STACK 8192k/infinity , CORE infinity/infinity , NPROC 31353/31353 , NOFILE 524288/524288 , AS infinity/infinity , CPU infinity/infinity , DATA infinity/infinity , FSIZE infinity/infinity , MEMLOCK 8192k/8192k
load average: 1.22 3.06 4.36

/proc/meminfo:
MemTotal:        8047512 kB
MemFree:          524808 kB
MemAvailable:    1703308 kB
Buffers:          146484 kB
Cached:          1823116 kB
SwapCached:        27344 kB
Active:          1113508 kB
Inactive:        5716760 kB
Active(anon):     119304 kB
Inactive(anon):  5363152 kB
Active(file):     994204 kB
Inactive(file):   353608 kB
Unevictable:      215336 kB
Mlocked:              48 kB
SwapTotal:       9227464 kB
SwapFree:        8999840 kB
Dirty:               456 kB
Writeback:             0 kB
AnonPages:       5071676 kB
Mapped:           550864 kB
Shmem:            621788 kB
KReclaimable:      98928 kB
Slab:             189188 kB
SReclaimable:      98928 kB
SUnreclaim:        90260 kB
KernelStack:       15104 kB
PageTables:        44288 kB
NFS_Unstable:          0 kB
Bounce:                0 kB
WritebackTmp:          0 kB
CommitLimit:    13251220 kB
Committed_AS:   15292024 kB
VmallocTotal:   34359738367 kB
VmallocUsed:       45220 kB
VmallocChunk:          0 kB
Percpu:             5184 kB
HardwareCorrupted:     0 kB
AnonHugePages:         0 kB
ShmemHugePages:        0 kB
ShmemPmdMapped:        0 kB
FileHugePages:         0 kB
FilePmdMapped:         0 kB
CmaTotal:              0 kB
CmaFree:               0 kB
HugePages_Total:       0
HugePages_Free:        0
HugePages_Rsvd:        0
HugePages_Surp:        0
Hugepagesize:       2048 kB
Hugetlb:               0 kB
DirectMap4k:     1390336 kB
DirectMap2M:     6907904 kB
DirectMap1G:           0 kB

/sys/kernel/mm/transparent_hugepage/enabled: always [madvise] never
/sys/kernel/mm/transparent_hugepage/defrag (defrag/compaction efforts parameter): always defer defer+madvise [madvise] never

Process Memory:
Virtual Size: 5081800K (peak: 5130620K)
Resident Set Size: 192080K (peak: 192080K) (anon: 163204K, file: 28832K, shmem: 44K)
Swapped out: 0K
C-Heap outstanding allocations: 33233K

/proc/sys/kernel/threads-max (system-wide limit on the number of threads): 62706
/proc/sys/vm/max_map_count (maximum number of memory map areas a process may have): 65530
/proc/sys/kernel/pid_max (system-wide limit on number of process identifiers): 4194304

container (cgroup) information:
container_type: cgroupv2
cpu_cpuset_cpus: not supported
cpu_memory_nodes: not supported
active_processor_count: 4
cpu_quota: not supported
cpu_period: not supported
cpu_shares: not supported
memory_limit_in_bytes: unlimited
memory_and_swap_limit_in_bytes: unlimited
memory_soft_limit_in_bytes: unlimited
memory_usage_in_bytes: 6932946944
memory_max_usage_in_bytes: not supported
maximum number of tasks: unlimited
current number of tasks: 663

Steal ticks since vm start: 0
Steal ticks percentage since vm start:  0.000

CPU: total 4 (initial active 4) (2 cores per cpu, 2 threads per core) family 6 model 61 stepping 4 microcode 0x2f, cx8, cmov, fxsr, ht, mmx, 3dnowpref, sse, sse2, sse3, ssse3, sse4.1, sse4.2, popcnt, lzcnt, tsc, tscinvbit, avx, avx2, aes, erms, clmul, bmi1, bmi2, adx, fma, vzeroupper, clflush
CPU Model and flags from /proc/cpuinfo:
model name	: Intel(R) Core(TM) i7-5500U CPU @ 2.40GHz
flags		: fpu vme de pse tsc msr pae mce cx8 apic sep mtrr pge mca cmov pat pse36 clflush dts acpi mmx fxsr sse sse2 ss ht tm pbe syscall nx pdpe1gb rdtscp lm constant_tsc arch_perfmon pebs bts rep_good nopl xtopology nonstop_tsc cpuid aperfmperf pni pclmulqdq dtes64 monitor ds_cpl vmx est tm2 ssse3 sdbg fma cx16 xtpr pdcm pcid sse4_1 sse4_2 x2apic movbe popcnt tsc_deadline_timer aes xsave avx f16c rdrand lahf_lm abm 3dnowprefetch cpuid_fault epb invpcid_single pti ssbd ibrs ibpb stibp tpr_shadow vnmi flexpriority ept vpid ept_ad fsgsbase tsc_adjust bmi1 avx2 smep bmi2 erms invpcid rdseed adx smap intel_pt xsaveopt dtherm ida arat pln pts md_clear flush_l1d

Online cpus: 0-3
Offline cpus: 4-7
BIOS frequency limitation: <Not Available>
Frequency switch latency (ns): 20000
Available cpu frequencies: <Not Available>
Current governor: schedutil
Core performance/turbo boost: <Not Available>

Memory: 4k page, physical 8047512k(524808k free), swap 9227464k(8999840k free)
Page Sizes: 4k

vm_info: OpenJDK 64-Bit Server VM (17.0.3+7) for linux-amd64 JRE (17.0.3+7), built on Apr 19 2022 23:35:40 by "builduser" with gcc 11.2.0

END.
